16:21:33.890 INFO  Video server: access from undefined for playlist, /playlist/ 
16:21:58.835 INFO  Video server: access from undefined for playlist, /playlist/ 
16:22:58.036 INFO  Video server: access from undefined for playlist, /playlist/ 
16:22:58.200 INFO  Video server: access from undefined for video, /video/v1 
16:23:01.357 INFO  Video server: access from undefined for favicon.ico, /favicon.ico 
16:23:01.357 INFO  Video server: route favicon.ico not found 
16:23:05.107 INFO  Got metadata about P8gZvHldvcw 
16:23:05.107 INFO  Got file length 240708232 
16:23:05.108 INFO  Streaming with range bytes=0- 
16:23:32.374 INFO  Video server: access from undefined for playlist, /playlist/ 
16:23:32.781 INFO  Video server: access from undefined for video, /video/v1 
16:23:32.788 ERROR Cannot retrieve video videos/v2.mp4, should be unlisted or public 
16:23:46.403 INFO  Video server: access from undefined for playlist, /playlist/ 
16:23:46.557 INFO  Video server: access from undefined for video, /video/v1 
16:23:46.558 INFO  Video server: file v1 not found at undefined 
16:23:56.297 INFO  Video server: access from undefined for playlist, /playlist/ 
16:23:56.431 INFO  Video server: access from undefined for video, /video/v1 
16:23:56.431 INFO  Video server: file v1 not found at undefined 
16:24:01.367 INFO  Video server: access from undefined for playlist, /playlist/ 
16:24:01.456 INFO  Video server: access from undefined for video, /video/v1 
16:24:01.456 INFO  Video server: file v1 not found at undefined 
16:24:10.125 INFO  Video server: access from undefined for playlist, /playlist/ 
16:24:10.323 INFO  Video server: access from undefined for video, /video/v1 
16:24:10.323 INFO  Video server: file v1 not found at undefined 
16:24:11.374 INFO  Video server: access from undefined for video, /video/v1 
16:24:11.374 INFO  Video server: file v1 not found at undefined 
16:25:31.776 INFO  Video server: access from undefined for video, /video/v1 
16:25:31.777 INFO  Video server: file v1 not found at undefined 
16:25:46.203 INFO  Video server: access from undefined for video, /video/v1 
16:25:46.204 INFO  Video server: file v1 not found at undefined 
16:25:54.887 INFO  Video server: access from undefined for video, /video/v1 
16:25:54.889 INFO  Video server: file v1 not found at undefined 
16:26:09.801 INFO  Video server: access from undefined for video, /video/v1 
16:26:09.802 INFO  Video server: file v1 not found at undefined 
16:26:22.218 INFO  Video server: access from undefined for video, /video/v1 
16:26:24.431 INFO  Video server: access from undefined for playlist, /playlist/ 
16:26:24.605 INFO  Video server: access from undefined for video, /video/v1 
16:26:32.012 INFO  Video server: access from undefined for playlist, /playlist/ 
16:26:32.191 INFO  Video server: access from undefined for video, /video/v1 
16:26:32.267 INFO  Video server: access from undefined for video, /video/v1 
16:26:32.474 INFO  Video server: access from undefined for video, /video/v1 
16:26:32.505 INFO  Video server: access from undefined for video, /video/v1 
16:26:32.608 INFO  Video server: access from undefined for video, /video/v1 
16:26:32.655 INFO  Video server: access from undefined for video, /video/v1 
16:26:32.705 INFO  Video server: access from undefined for video, /video/v1 
16:26:32.713 INFO  Video server: access from undefined for video, /video/v1 
16:26:32.723 INFO  Video server: access from undefined for video, /video/v1 
16:26:32.731 INFO  Video server: access from undefined for video, /video/v1 
16:26:32.756 INFO  Video server: access from undefined for video, /video/v1 
16:26:32.764 INFO  Video server: access from undefined for video, /video/v1 
16:26:32.773 INFO  Video server: access from undefined for video, /video/v1 
16:26:32.785 INFO  Video server: access from undefined for video, /video/v1 
16:26:32.840 INFO  Video server: access from undefined for video, /video/v1 
16:26:32.851 INFO  Video server: access from undefined for video, /video/v1 
16:26:32.873 INFO  Video server: access from undefined for video, /video/v1 
16:26:32.889 INFO  Video server: access from undefined for video, /video/v1 
16:26:32.901 INFO  Video server: access from undefined for video, /video/v1 
16:26:32.909 INFO  Video server: access from undefined for video, /video/v1 
16:26:32.927 INFO  Video server: access from undefined for video, /video/v1 
16:27:10.349 INFO  Video server: access from undefined for playlist, /playlist/ 
16:27:10.616 INFO  Video server: access from undefined for video, /video/v1 
16:27:10.701 INFO  Video server: access from undefined for video, /video/v1 
16:27:10.863 INFO  Video server: access from undefined for video, /video/v1 
16:27:13.189 INFO  Video server: access from undefined for favicon.ico, /favicon.ico 
16:27:13.189 INFO  Video server: route favicon.ico not found 
16:27:13.371 INFO  Video server: access from undefined for video, /video/v1 
16:56:31.465 INFO  Video server: access from undefined for playlist, /playlist/ 
16:56:31.811 INFO  Video server: access from undefined for video, /video/v1 
16:56:31.920 INFO  Video server: access from undefined for video, /video/v1 
16:56:32.089 INFO  Video server: access from undefined for video, /video/v1 
16:58:27.760 INFO  Video server: access from undefined for playlist, /playlist/ 
16:58:28.122 INFO  Video server: access from undefined for video, /video/v1 
16:58:28.208 INFO  Video server: access from undefined for video, /video/v1 
16:58:28.366 INFO  Video server: access from undefined for video, /video/v1 
16:59:09.643 INFO  Video server: access from undefined for video, /video/v1 
16:59:09.731 INFO  Video server: access from undefined for video, /video/v1 
16:59:09.861 INFO  Video server: access from undefined for video, /video/v1 
17:00:38.085 INFO  Video server: access from undefined for playlist, /playlist/ 
17:00:38.279 INFO  Video server: access from undefined for video, /video/v1 
17:00:38.316 INFO  Video server: access from undefined for video, /video/v1 
17:00:38.472 INFO  Video server: access from undefined for video, /video/v1 
17:01:03.849 INFO  Video server: access from undefined for video, /video/v1 
17:01:03.948 INFO  Video server: access from undefined for video, /video/v1 
17:01:04.099 INFO  Video server: access from undefined for video, /video/v1 
17:01:04.855 INFO  Video server: access from undefined for playlist, /playlist/ 
17:01:14.508 INFO  Video server: access from undefined for google-auth, /google-auth/?code=4%2F0AY0e-g6cqSHcli0mMyLmPj8mk6_ig22krbLHH9kRzqOC1xHYbcqWLZ1i38F5q0PRnL6n6g&scope=email+openid+https%3A%2F%2Fwww.googleapis.com%2Fauth%2Fuserinfo.email&authuser=2&prompt=consent 
17:01:14.508 INFO  Video server: route google-auth not found 
17:09:06.523 INFO  Video server: access from undefined for google-auth, /google-auth/?code=4%2F0AY0e-g6cqSHcli0mMyLmPj8mk6_ig22krbLHH9kRzqOC1xHYbcqWLZ1i38F5q0PRnL6n6g&scope=email+openid+https%3A%2F%2Fwww.googleapis.com%2Fauth%2Fuserinfo.email&authuser=2&prompt=consent 
17:11:40.290 INFO  Video server: access from undefined for google-auth, /google-auth/?code=4%2F0AY0e-g6cqSHcli0mMyLmPj8mk6_ig22krbLHH9kRzqOC1xHYbcqWLZ1i38F5q0PRnL6n6g&scope=email+openid+https%3A%2F%2Fwww.googleapis.com%2Fauth%2Fuserinfo.email&authuser=2&prompt=consent 
17:11:48.298 INFO  Video server: access from undefined for google-auth, /google-auth/?code=4%2F0AY0e-g6cqSHcli0mMyLmPj8mk6_ig22krbLHH9kRzqOC1xHYbcqWLZ1i38F5q0PRnL6n6g&scope=email+openid+https%3A%2F%2Fwww.googleapis.com%2Fauth%2Fuserinfo.email&authuser=2&prompt=consent 
17:11:53.913 INFO  Video server: access from undefined for google-auth, /google-auth/?code=4%2F0AY0e-g6cqSHcli0mMyLmPj8mk6_ig22krbLHH9kRzqOC1xHYbcqWLZ1i38F5q0PRnL6n6g&scope=email+openid+https%3A%2F%2Fwww.googleapis.com%2Fauth%2Fuserinfo.email&authuser=2&prompt=consent 
17:12:30.632 INFO  Video server: access from undefined for google-auth, /google-auth/?code=4%2F0AY0e-g6cqSHcli0mMyLmPj8mk6_ig22krbLHH9kRzqOC1xHYbcqWLZ1i38F5q0PRnL6n6g&scope=email+openid+https%3A%2F%2Fwww.googleapis.com%2Fauth%2Fuserinfo.email&authuser=2&prompt=consent 
17:12:43.360 INFO  Video server: access from undefined for google-auth, /google-auth/?code=4%2F0AY0e-g6cqSHcli0mMyLmPj8mk6_ig22krbLHH9kRzqOC1xHYbcqWLZ1i38F5q0PRnL6n6g&scope=email+openid+https%3A%2F%2Fwww.googleapis.com%2Fauth%2Fuserinfo.email&authuser=2&prompt=consent 
17:13:52.504 INFO  Video server: access from undefined for google-auth, /google-auth/?code=4%2F0AY0e-g6cqSHcli0mMyLmPj8mk6_ig22krbLHH9kRzqOC1xHYbcqWLZ1i38F5q0PRnL6n6g&scope=email+openid+https%3A%2F%2Fwww.googleapis.com%2Fauth%2Fuserinfo.email&authuser=2&prompt=consent 
17:14:02.472 INFO  Video server: access from undefined for google-auth, /google-auth/?code=4%2F0AY0e-g6cqSHcli0mMyLmPj8mk6_ig22krbLHH9kRzqOC1xHYbcqWLZ1i38F5q0PRnL6n6g&scope=email+openid+https%3A%2F%2Fwww.googleapis.com%2Fauth%2Fuserinfo.email&authuser=2&prompt=consent 
17:14:07.259 INFO  Video server: access from undefined for google-auth, /google-auth/?code=4%2F0AY0e-g6cqSHcli0mMyLmPj8mk6_ig22krbLHH9kRzqOC1xHYbcqWLZ1i38F5q0PRnL6n6g&scope=email+openid+https%3A%2F%2Fwww.googleapis.com%2Fauth%2Fuserinfo.email&authuser=2&prompt=consent 
17:14:15.123 INFO  Video server: access from undefined for google-auth, /google-auth/?code=4%2F0AY0e-g6cqSHcli0mMyLmPj8mk6_ig22krbLHH9kRzqOC1xHYbcqWLZ1i38F5q0PRnL6n6g&scope=email+openid+https%3A%2F%2Fwww.googleapis.com%2Fauth%2Fuserinfo.email&authuser=2&prompt=consent 
17:14:28.299 INFO  Video server: access from undefined for google-auth, /google-auth/?code=4%2F0AY0e-g6cqSHcli0mMyLmPj8mk6_ig22krbLHH9kRzqOC1xHYbcqWLZ1i38F5q0PRnL6n6g&scope=email+openid+https%3A%2F%2Fwww.googleapis.com%2Fauth%2Fuserinfo.email&authuser=2&prompt=consent 
17:15:56.268 INFO  Video server: access from undefined for google-auth, /google-auth/?code=4%2F0AY0e-g6cqSHcli0mMyLmPj8mk6_ig22krbLHH9kRzqOC1xHYbcqWLZ1i38F5q0PRnL6n6g&scope=email+openid+https%3A%2F%2Fwww.googleapis.com%2Fauth%2Fuserinfo.email&authuser=2&prompt=consent 
17:17:22.073 INFO  Video server: access from undefined for google-auth, /google-auth/?code=4%2F0AY0e-g6cqSHcli0mMyLmPj8mk6_ig22krbLHH9kRzqOC1xHYbcqWLZ1i38F5q0PRnL6n6g&scope=email+openid+https%3A%2F%2Fwww.googleapis.com%2Fauth%2Fuserinfo.email&authuser=2&prompt=consent 
17:18:01.591 INFO  Video server: access from undefined for google-auth, /google-auth/?code=4%2F0AY0e-g6cqSHcli0mMyLmPj8mk6_ig22krbLHH9kRzqOC1xHYbcqWLZ1i38F5q0PRnL6n6g&scope=email+openid+https%3A%2F%2Fwww.googleapis.com%2Fauth%2Fuserinfo.email&authuser=2&prompt=consent 
17:21:27.994 INFO  Video server: access from undefined for google-auth, /google-auth/?code=4%2F0AY0e-g6cqSHcli0mMyLmPj8mk6_ig22krbLHH9kRzqOC1xHYbcqWLZ1i38F5q0PRnL6n6g&scope=email+openid+https%3A%2F%2Fwww.googleapis.com%2Fauth%2Fuserinfo.email&authuser=2&prompt=consent 
17:21:47.122 INFO  Video server: access from undefined for google-auth, /google-auth/?code=4%2F0AY0e-g6cqSHcli0mMyLmPj8mk6_ig22krbLHH9kRzqOC1xHYbcqWLZ1i38F5q0PRnL6n6g&scope=email+openid+https%3A%2F%2Fwww.googleapis.com%2Fauth%2Fuserinfo.email&authuser=2&prompt=consent 
17:22:02.959 INFO  Video server: access from undefined for video, /video/v1 
17:22:03.034 INFO  Video server: access from undefined for video, /video/v1 
17:22:03.187 INFO  Video server: access from undefined for video, /video/v1 
17:22:07.254 INFO  Video server: access from undefined for google-auth, /google-auth/?code=4%2F0AY0e-g5_IRkluQc3NtorKA-z_OgHmQjtqSlGSb6k-q2ZOot5gliJtCJf-bbwq5vjDome9Q&scope=email+openid+https%3A%2F%2Fwww.googleapis.com%2Fauth%2Fuserinfo.email&authuser=2&prompt=consent 
17:24:21.549 INFO  Video server: access from undefined for google-auth, /google-auth/?code=4%2F0AY0e-g5_IRkluQc3NtorKA-z_OgHmQjtqSlGSb6k-q2ZOot5gliJtCJf-bbwq5vjDome9Q&scope=email+openid+https%3A%2F%2Fwww.googleapis.com%2Fauth%2Fuserinfo.email&authuser=2&prompt=consent 
17:24:32.208 INFO  Video server: access from undefined for google-auth, /google-auth/?code=4%2F0AY0e-g7j9flLqpjHWgHDgOr_LBzWzkiblLdkRqH2fmCZZVEd2wm3lO4Gn376hXMfPOTyQg&scope=email+openid+https%3A%2F%2Fwww.googleapis.com%2Fauth%2Fuserinfo.email&authuser=2&prompt=consent 
17:34:40.198 INFO  Video server: access from undefined for google-auth, /google-auth/?code=4%2F0AY0e-g7j9flLqpjHWgHDgOr_LBzWzkiblLdkRqH2fmCZZVEd2wm3lO4Gn376hXMfPOTyQg&scope=email+openid+https%3A%2F%2Fwww.googleapis.com%2Fauth%2Fuserinfo.email&authuser=2&prompt=consent 
17:35:40.053 INFO  Video server: access from undefined for google-auth, /google-auth/?code=4%2F0AY0e-g7j9flLqpjHWgHDgOr_LBzWzkiblLdkRqH2fmCZZVEd2wm3lO4Gn376hXMfPOTyQg&scope=email+openid+https%3A%2F%2Fwww.googleapis.com%2Fauth%2Fuserinfo.email&authuser=2&prompt=consent 
17:35:40.866 INFO  Video server: access from undefined for google-auth, /google-auth/?code=4%2F0AY0e-g7j9flLqpjHWgHDgOr_LBzWzkiblLdkRqH2fmCZZVEd2wm3lO4Gn376hXMfPOTyQg&scope=email+openid+https%3A%2F%2Fwww.googleapis.com%2Fauth%2Fuserinfo.email&authuser=2&prompt=consent 
17:37:50.620 INFO  Video server: access from undefined for google-auth, /google-auth/?code=4%2F0AY0e-g7j9flLqpjHWgHDgOr_LBzWzkiblLdkRqH2fmCZZVEd2wm3lO4Gn376hXMfPOTyQg&scope=email+openid+https%3A%2F%2Fwww.googleapis.com%2Fauth%2Fuserinfo.email&authuser=2&prompt=consent 
17:38:08.579 INFO  Video server: access from undefined for google-auth, /google-auth/?code=4%2F0AY0e-g7j9flLqpjHWgHDgOr_LBzWzkiblLdkRqH2fmCZZVEd2wm3lO4Gn376hXMfPOTyQg&scope=email+openid+https%3A%2F%2Fwww.googleapis.com%2Fauth%2Fuserinfo.email&authuser=2&prompt=consent 
17:39:22.208 INFO  Video server: access from undefined for google-auth, /google-auth/?code=4%2F0AY0e-g7j9flLqpjHWgHDgOr_LBzWzkiblLdkRqH2fmCZZVEd2wm3lO4Gn376hXMfPOTyQg&scope=email+openid+https%3A%2F%2Fwww.googleapis.com%2Fauth%2Fuserinfo.email&authuser=2&prompt=consent 
17:39:47.022 INFO  Video server: access from undefined for google-auth, /google-auth/?code=4%2F0AY0e-g7j9flLqpjHWgHDgOr_LBzWzkiblLdkRqH2fmCZZVEd2wm3lO4Gn376hXMfPOTyQg&scope=email+openid+https%3A%2F%2Fwww.googleapis.com%2Fauth%2Fuserinfo.email&authuser=2&prompt=consent 
17:40:06.129 INFO  Video server: access from undefined for google-auth, /google-auth/?code=4%2F0AY0e-g44D01Q6g1_vg7jB-9P3moAqjwJjO3oeAAl_aO6oDLN0PpKuqM6iZa9w1lk9P8YFg&scope=email+openid+https%3A%2F%2Fwww.googleapis.com%2Fauth%2Fuserinfo.email&authuser=2&prompt=consent 
17:42:01.281 INFO  Video server: access from undefined for google-auth, /google-auth/?code=4%2F0AY0e-g4ULyPImNv8SnzcHSp-n9BIaoGuBCC2swTP4Dj7MZ-g2N9JVadJmhkTXDc5lM7dzQ&scope=email+openid+https%3A%2F%2Fwww.googleapis.com%2Fauth%2Fuserinfo.email&authuser=2&prompt=consent 
17:42:18.858 INFO  Video server: access from undefined for google-auth, /google-auth/?code=4%2F0AY0e-g4ULyPImNv8SnzcHSp-n9BIaoGuBCC2swTP4Dj7MZ-g2N9JVadJmhkTXDc5lM7dzQ&scope=email+openid+https%3A%2F%2Fwww.googleapis.com%2Fauth%2Fuserinfo.email&authuser=2&prompt=consent 
17:42:25.509 INFO  Video server: access from undefined for google-auth, /google-auth/?code=4%2F0AY0e-g7rav2WytcQU3B4r5FbyOwlat7DEvkgalpbIkpQtE63TBtWDM7lrP__RwryZf3d3Q&scope=email+openid+https%3A%2F%2Fwww.googleapis.com%2Fauth%2Fuserinfo.email&authuser=2&prompt=consent 
17:42:49.622 INFO  Video server: access from undefined for google-auth, /google-auth/?code=4%2F0AY0e-g7rav2WytcQU3B4r5FbyOwlat7DEvkgalpbIkpQtE63TBtWDM7lrP__RwryZf3d3Q&scope=email+openid+https%3A%2F%2Fwww.googleapis.com%2Fauth%2Fuserinfo.email&authuser=2&prompt=consent 
17:42:58.228 INFO  Video server: access from undefined for google-auth, /google-auth/?code=4%2F0AY0e-g6LfsKxda6PNozl3eXAkWG93J0rrYU4qxVauLGTTYG1GV4bRC8Z2iaBLB3F6wHmyw&scope=email+openid+https%3A%2F%2Fwww.googleapis.com%2Fauth%2Fuserinfo.email&authuser=2&prompt=consent 
17:42:59.536 INFO  Video server: access from undefined for playlist, /playlist/ 
17:42:59.798 INFO  Video server: access from undefined for video, /video/v1 
17:42:59.872 INFO  Video server: access from undefined for video, /video/v1 
17:43:00.020 INFO  Video server: access from undefined for video, /video/v1 
17:43:50.689 INFO  Video server: access from undefined for google-auth, /google-auth/?code=4%2F0AY0e-g7uQvY6r1_blO4OoLB8VX6KXsHqeLAKR2ooTTL2uiPMmcsmQ-_5rZU4xrUlcHIQfA&scope=email+openid+https%3A%2F%2Fwww.googleapis.com%2Fauth%2Fuserinfo.email&authuser=2&prompt=consent 
17:43:55.107 INFO  Video server: access from undefined for playlist, /playlist/ 
17:43:55.356 INFO  Video server: access from undefined for video, /video/v1 
17:43:55.441 INFO  Video server: access from undefined for video, /video/v1 
17:43:55.584 INFO  Video server: access from undefined for video, /video/v1 
17:46:59.877 INFO  Video server: access from undefined for playlist, /playlist/ 
17:47:00.061 INFO  Video server: access from undefined for video, /video/v1 
17:47:00.130 INFO  Video server: access from undefined for video, /video/v1 
17:47:00.282 INFO  Video server: access from undefined for video, /video/v1 
17:47:10.920 INFO  Video server: access from undefined for google-auth, /google-auth/?code=4%2F0AY0e-g7FqJ4LRBYLRkfsF_0QdyUvMSPfoTjMrs_B7uvJE1653eI5nATmkvAeDECBp4iY0g&scope=email+openid+https%3A%2F%2Fwww.googleapis.com%2Fauth%2Fuserinfo.email&authuser=2&prompt=consent 
17:47:15.511 INFO  Video server: access from undefined for playlist, /playlist/ 
17:47:15.787 INFO  Video server: access from undefined for video, /video/v1 
17:47:15.875 INFO  Video server: access from undefined for video, /video/v1 
17:47:16.045 INFO  Video server: access from undefined for video, /video/v1 
17:49:32.263 INFO  Video server: access from undefined for playlist, /playlist/ 
17:49:32.712 INFO  Video server: access from undefined for video, /video/v1 
17:49:32.769 INFO  Video server: access from undefined for video, /video/v1 
17:49:32.916 INFO  Video server: access from undefined for video, /video/v1 
17:56:56.516 INFO  Video server: access from undefined for playlist, /playlist/ 
17:56:56.697 INFO  Video server: access from undefined for video, /video/v1 
17:56:56.778 INFO  Video server: access from undefined for video, /video/v1 
17:56:56.921 INFO  Video server: access from undefined for video, /video/v1 
17:57:01.568 INFO  Video server: access from undefined for google-auth, /google-auth/?code=4%2F0AY0e-g45iVLm3FcbkhWFWJVU29jyQVI4msUgJ9n50y3X26TQsVw4ChCPmNqpRJrAVChMrg&scope=email+openid+https%3A%2F%2Fwww.googleapis.com%2Fauth%2Fuserinfo.email&authuser=2&prompt=consent 
17:59:08.427 INFO  Video server: access from undefined for google-auth, /google-auth/?code=4%2F0AY0e-g45iVLm3FcbkhWFWJVU29jyQVI4msUgJ9n50y3X26TQsVw4ChCPmNqpRJrAVChMrg&scope=email+openid+https%3A%2F%2Fwww.googleapis.com%2Fauth%2Fuserinfo.email&authuser=2&prompt=consent 
17:59:13.398 INFO  Video server: access from undefined for google-auth, /google-auth/?code=4%2F0AY0e-g4fxJR0Y7FGky3u9n8FHko4Uwwxwc9CU0PDdE7Ho8ZeJ1RJeYZ4gxF3UntSYtMnnw&scope=email+openid+https%3A%2F%2Fwww.googleapis.com%2Fauth%2Fuserinfo.email&authuser=2&prompt=consent 
17:59:14.329 INFO  Video server: access from undefined for playlist, /playlist/ 
17:59:14.597 INFO  Video server: access from undefined for video, /video/v1 
17:59:14.689 INFO  Video server: access from undefined for video, /video/v1 
17:59:14.833 INFO  Video server: access from undefined for video, /video/v1 
18:00:25.801 INFO  Video server: access from undefined for playlist, /playlist/ 
18:00:26.221 INFO  Video server: access from undefined for video, /video/v1 
18:00:26.269 INFO  Video server: access from undefined for video, /video/v1 
18:00:26.420 INFO  Video server: access from undefined for video, /video/v1 
18:01:27.829 INFO  Video server: access from undefined for playlist, /playlist/ 
18:01:28.010 INFO  Video server: access from undefined for video, /video/v1 
18:01:28.065 INFO  Video server: access from undefined for video, /video/v1 
18:01:28.208 INFO  Video server: access from undefined for video, /video/v1 
18:01:32.132 INFO  Video server: access from undefined for google-auth, /google-auth/?code=4%2F0AY0e-g5TtezgqSYrOZTVsRMTByPWqAoKrkgHjJb5X_9Y0EkVQQe_OPJm0v2NeuuOdL5AFw&scope=email+openid+https%3A%2F%2Fwww.googleapis.com%2Fauth%2Fuserinfo.email&authuser=2&prompt=consent 
18:04:32.703 INFO  Video server: access from undefined for google-auth, /google-auth/?code=4%2F0AY0e-g5TtezgqSYrOZTVsRMTByPWqAoKrkgHjJb5X_9Y0EkVQQe_OPJm0v2NeuuOdL5AFw&scope=email+openid+https%3A%2F%2Fwww.googleapis.com%2Fauth%2Fuserinfo.email&authuser=2&prompt=consent 
18:04:39.163 INFO  Video server: access from undefined for google-auth, /google-auth/?code=4%2F0AY0e-g57TRn-0RPDFe2XXW28kIqLmmvRnvqh7DObQRiwqHcOSAlCqFoE9t44JR99gwWACQ&scope=email+openid+https%3A%2F%2Fwww.googleapis.com%2Fauth%2Fuserinfo.email&authuser=2&prompt=consent 
18:04:40.802 INFO  Video server: access from undefined for playlist, /playlist/ 
18:04:41.124 INFO  Video server: access from undefined for video, /video/v1 
18:04:41.208 INFO  Video server: access from undefined for video, /video/v1 
18:04:41.358 INFO  Video server: access from undefined for video, /video/v1 
18:05:25.705 INFO  Video server: access from undefined for playlist, /playlist/ 
18:05:25.874 INFO  Video server: access from undefined for video, /video/v1 
18:05:25.910 INFO  Video server: access from undefined for video, /video/v1 
18:05:26.063 INFO  Video server: access from undefined for video, /video/v1 
18:05:30.453 INFO  Video server: access from undefined for google-auth, /google-auth/?code=4%2F0AY0e-g44DdUtAnwEncDG4rPxVlV52g20S1uiVUdrBtwEF0d_PTvE0k-iMwBe4W_wo26FRA&scope=email+openid+https%3A%2F%2Fwww.googleapis.com%2Fauth%2Fuserinfo.email&authuser=0&prompt=consent 
18:05:36.606 INFO  Video server: access from undefined for playlist, /playlist/ 
18:05:36.875 INFO  Video server: access from undefined for video, /video/v1 
18:05:36.970 INFO  Video server: access from undefined for video, /video/v1 
18:05:37.136 INFO  Video server: access from undefined for video, /video/v1 
18:08:19.599 INFO  Video server: access from undefined for playlist, /playlist/ 
18:08:19.824 INFO  Video server: access from undefined for video, /video/v1 
18:08:19.919 INFO  Video server: access from undefined for video, /video/v1 
18:08:20.078 INFO  Video server: access from undefined for video, /video/v1 
18:08:24.444 INFO  Video server: access from undefined for google-auth, /google-auth/?code=4%2F0AY0e-g6wlN6WnPJ-H-7-8wk-zAzZY5ZOtKdfWk1Xyd7WBjpoWzarpFv9lOVdUhxTq9WwXQ&scope=email+openid+https%3A%2F%2Fwww.googleapis.com%2Fauth%2Fuserinfo.email&authuser=2&prompt=consent 
18:08:27.935 INFO  Video server: access from undefined for playlist, /playlist/ 
18:08:28.192 INFO  Video server: access from undefined for video, /video/v1 
18:08:28.286 INFO  Video server: access from undefined for video, /video/v1 
18:08:28.430 INFO  Video server: access from undefined for video, /video/v1 
18:09:51.133 INFO  Video server: access from undefined for playlist, /playlist/ 
18:09:51.336 INFO  Video server: access from undefined for video, /video/v1 
18:09:51.384 INFO  Video server: access from undefined for video, /video/v1 
18:09:51.540 INFO  Video server: access from undefined for video, /video/v1 
18:09:55.419 INFO  Video server: access from undefined for google-auth, /google-auth/?code=4%2F0AY0e-g5PvpuebyFa6kwW0Aq7DjgdgTfQwTdEHaG9vVXk7HtYyaPVmRiMDZjfqDU-iyV8rA&scope=email+openid+https%3A%2F%2Fwww.googleapis.com%2Fauth%2Fuserinfo.email&authuser=2&prompt=consent 
18:09:57.399 INFO  Video server: access from undefined for playlist, /playlist/ 
18:09:57.691 INFO  Video server: access from undefined for video, /video/v1 
18:09:57.775 INFO  Video server: access from undefined for video, /video/v1 
18:09:57.916 INFO  Video server: access from undefined for video, /video/v1 
18:11:12.567 INFO  Video server: access from undefined for playlist, /playlist/ 
18:11:12.771 INFO  Video server: access from undefined for video, /video/v1 
18:11:12.825 INFO  Video server: access from undefined for video, /video/v1 
18:11:12.983 INFO  Video server: access from undefined for video, /video/v1 
18:11:18.370 INFO  Video server: access from undefined for google-auth, /google-auth/?code=4%2F0AY0e-g792pAvbP2DWwIXU6nOIAM7xW3eYYWQsP01A9Vp40ZpaDiL_KiSBwnXdUDLZFCLbQ&scope=email+openid+https%3A%2F%2Fwww.googleapis.com%2Fauth%2Fuserinfo.email&authuser=2&prompt=consent 
18:11:22.648 INFO  Video server: access from undefined for playlist, /playlist/ 
18:11:23.021 INFO  Video server: access from undefined for video, /video/v1 
18:11:23.113 INFO  Video server: access from undefined for video, /video/v1 
18:11:23.273 INFO  Video server: access from undefined for video, /video/v1 
18:11:43.113 INFO  Video server: access from undefined for playlist, /playlist/ 
18:11:59.757 INFO  Video server: access from undefined for playlist, /playlist/ 
18:11:59.921 INFO  Video server: access from undefined for video, /video/v1 
18:11:59.970 INFO  Video server: access from undefined for video, /video/v1 
18:12:00.122 INFO  Video server: access from undefined for video, /video/v1 
18:12:18.845 INFO  Video server: access from undefined for playlist, /playlist/ 
18:12:56.903 INFO  Video server: access from undefined for google-auth, /google-auth/?code=4%2F0AY0e-g6xamhzVlcSdnYT2cpddC6oM-S6tDZccEc9HrxmFI4uJR75RrVJ6sVAM7ZWufLeJw&scope=email+openid+https%3A%2F%2Fwww.googleapis.com%2Fauth%2Fuserinfo.email&authuser=2&prompt=consent 
18:12:58.329 INFO  Video server: access from undefined for playlist, /playlist/ 
18:12:58.665 INFO  Video server: access from undefined for video, /video/v1 
18:12:58.755 INFO  Video server: access from undefined for video, /video/v1 
18:12:58.906 INFO  Video server: access from undefined for video, /video/v1 
18:13:02.928 INFO  Video server: access from undefined for playlist, /playlist/ 
18:14:43.811 INFO  Video server: access from undefined for playlist, /playlist/ 
18:14:43.986 INFO  Video server: access from undefined for video, /video/v1 
18:14:44.054 INFO  Video server: access from undefined for video, /video/v1 
18:14:44.195 INFO  Video server: access from undefined for video, /video/v1 
18:14:47.978 INFO  Video server: access from undefined for google-auth, /google-auth/?code=4%2F0AY0e-g4EwhOv1vkDMhCFGFes47sGoq5NIR4rADZHXfY9ZP_iciHRO5iSLEgauzByk_1DVg&scope=email+openid+https%3A%2F%2Fwww.googleapis.com%2Fauth%2Fuserinfo.email&authuser=2&prompt=consent 
18:14:49.952 INFO  Video server: access from undefined for playlist, /playlist/ 
18:14:50.267 INFO  Video server: access from undefined for video, /video/v1 
18:14:50.341 INFO  Video server: access from undefined for video, /video/v1 
18:14:50.562 INFO  Video server: access from undefined for video, /video/v1 
18:16:45.694 INFO  Video server: access from undefined for playlist, /playlist/ 
18:16:46.241 INFO  Video server: access from undefined for video, /video/v1 
18:16:46.321 INFO  Video server: access from undefined for video, /video/v1 
18:16:46.467 INFO  Video server: access from undefined for video, /video/v1 
18:16:50.728 INFO  Video server: access from undefined for google-auth, /google-auth/?code=4%2F0AY0e-g4LsG_48-FEUTdUp04DVdfQb8g-NltKavxKj4m1H-MNKroUjmr4IDzfgAJLQv3VMA&scope=email+openid+https%3A%2F%2Fwww.googleapis.com%2Fauth%2Fuserinfo.email&authuser=2&prompt=consent 
18:16:56.148 INFO  Video server: access from undefined for playlist, /playlist/ 
18:16:56.459 INFO  Video server: access from undefined for video, /video/v1 
18:16:56.548 INFO  Video server: access from undefined for video, /video/v1 
18:16:56.702 INFO  Video server: access from undefined for video, /video/v1 
18:17:26.126 INFO  Video server: access from undefined for playlist, /playlist/ 
18:17:39.298 INFO  Video server: access from undefined for playlist, /playlist/ 
18:17:39.594 INFO  Video server: access from undefined for video, /video/v1 
18:17:39.636 INFO  Video server: access from undefined for playlist, /playlist/ 
18:17:39.935 INFO  Video server: access from undefined for video, /video/v1 
18:17:40.066 INFO  Video server: access from undefined for video, /video/v1 
18:18:38.128 INFO  Video server: access from undefined for playlist, /playlist/ 
18:18:39.945 INFO  Video server: access from undefined for video, /video/v1 
18:18:40.058 INFO  Video server: access from undefined for video, /video/v1 
18:18:40.163 INFO  Video server: access from undefined for video, /video/v1 
18:18:50.562 INFO  Video server: access from undefined for playlist, /playlist/ 
18:20:39.766 INFO  Video server: access from undefined for logout, /logout/ 
18:20:39.775 INFO  Video server: access from undefined for playlist, /playlist/ 
18:20:44.065 INFO  Video server: access from undefined for video, /video/v1 
18:20:44.150 INFO  Video server: access from undefined for video, /video/v1 
18:20:44.304 INFO  Video server: access from undefined for video, /video/v1 
18:21:54.398 INFO  Video server: access from undefined for logout, /logout/ 
18:22:13.108 INFO  Video server: access from undefined for logout, /logout/ 
18:23:12.003 INFO  Video server: access from undefined for logout, /logout/ 
18:23:19.314 INFO  Video server: access from undefined for logout, /logout/ 
18:24:00.080 INFO  Video server: access from undefined for logout, /logout/ 
18:24:00.088 INFO  Video server: access from undefined for playlist, /playlist/ 
18:24:00.412 INFO  Video server: access from undefined for video, /video/v1 
18:24:00.499 INFO  Video server: access from undefined for video, /video/v1 
18:24:00.649 INFO  Video server: access from undefined for video, /video/v1 
18:24:05.915 INFO  Video server: access from undefined for google-auth, /google-auth/?code=4%2F0AY0e-g7TpPb7Ha-nVKUx970mRUcNBa6BaS6VjGnOxK53v8OuibMoUbyomszyaTAnmrsfgQ&scope=email+openid+https%3A%2F%2Fwww.googleapis.com%2Fauth%2Fuserinfo.email&authuser=2&prompt=consent 
18:24:10.292 INFO  Video server: access from undefined for playlist, /playlist/ 
18:24:10.738 INFO  Video server: access from undefined for video, /video/v1 
18:24:10.832 INFO  Video server: access from undefined for video, /video/v1 
18:24:10.980 INFO  Video server: access from undefined for video, /video/v1 
18:24:28.926 INFO  Video server: access from undefined for playlist, /playlist/ 
18:24:32.969 INFO  Video server: access from undefined for playlist, /playlist/ 
18:24:35.873 INFO  Video server: access from undefined for logout, /logout/ 
18:24:35.879 INFO  Video server: access from undefined for playlist, /playlist/ 
18:24:38.533 INFO  Video server: access from undefined for logout, /logout/ 
18:24:38.541 INFO  Video server: access from undefined for playlist, /playlist/ 
18:24:59.999 INFO  Video server: access from undefined for playlist, /playlist/ 
18:25:00.208 INFO  Video server: access from undefined for video, /video/v1 
18:25:00.275 INFO  Video server: access from undefined for video, /video/v1 
18:25:00.437 INFO  Video server: access from undefined for video, /video/v1 
18:25:05.162 INFO  Video server: access from undefined for google-auth, /google-auth/?code=4%2F0AY0e-g6uForo28A16rJI-hmKAFk-kyzWhW1AAf611Ffog6pSVECwAqf_mGOJ8-VRfM5CDg&scope=email+openid+https%3A%2F%2Fwww.googleapis.com%2Fauth%2Fuserinfo.email&authuser=2&prompt=consent 
18:25:09.783 INFO  Video server: access from undefined for playlist, /playlist/ 
18:25:10.269 INFO  Video server: access from undefined for video, /video/v1 
18:25:10.363 INFO  Video server: access from undefined for video, /video/v1 
18:25:10.506 INFO  Video server: access from undefined for video, /video/v1 
18:25:13.407 INFO  Video server: access from undefined for playlist, /playlist/ 
18:25:15.847 INFO  Video server: access from undefined for logout, /logout/ 
18:25:15.853 INFO  Video server: access from undefined for playlist, /playlist/ 
18:27:21.840 INFO  Video server: access from undefined for playlist, /playlist/ 
18:27:21.898 INFO  Video server: access from undefined for video, /video/v1 
18:27:21.930 INFO  Video server: access from undefined for video, /video/v1 
18:27:21.943 INFO  Video server: access from undefined for video, /video/v1 
18:27:34.292 INFO  Video server: access from undefined for google-auth, /google-auth/?code=4%2F0AY0e-g6xbiwAQDveztXQVbE64Qb1chmEZ52swSD6-o_hQmJQtt-v7_vKtW5e_Oowcq2MyQ&scope=email+openid+https%3A%2F%2Fwww.googleapis.com%2Fauth%2Fuserinfo.email&authuser=0&hd=jobberwocky.io&prompt=consent 
18:27:36.401 INFO  Video server: access from undefined for playlist, /playlist/ 
18:27:36.607 INFO  Video server: access from undefined for video, /video/v1 
18:27:36.653 INFO  Video server: access from undefined for video, /video/v1 
18:27:36.663 INFO  Video server: access from undefined for video, /video/v1 
18:27:40.821 INFO  Video server: access from undefined for playlist, /playlist/ 
18:27:43.883 INFO  Video server: access from undefined for playlist, /playlist/ 
18:27:44.340 INFO  Video server: access from undefined for video, /video/v1 
18:27:44.399 INFO  Video server: access from undefined for video, /video/v1 
18:27:44.551 INFO  Video server: access from undefined for video, /video/v1 
18:32:24.784 INFO  Video server: access from undefined for playlist, /playlist/ 
18:32:24.987 INFO  Video server: access from undefined for video, /video/v1 
18:32:25.025 INFO  Video server: access from undefined for video, /video/v1 
18:32:25.177 INFO  Video server: access from undefined for video, /video/v1 
18:32:29.997 INFO  Video server: access from undefined for google-auth, /google-auth/?code=4%2F0AY0e-g7XRKMN21w587o8Z0v9dUPH7478HmTQ5BtLRdC9CxRIG5G4Fzl22F-NqapA9M8i8w&scope=email+openid+https%3A%2F%2Fwww.googleapis.com%2Fauth%2Fuserinfo.email&authuser=2&prompt=consent 
18:32:34.382 INFO  Video server: access from undefined for playlist, /playlist/ 
18:32:34.860 INFO  Video server: access from undefined for video, /video/v1 
18:32:34.935 INFO  Video server: access from undefined for video, /video/v1 
18:32:35.085 INFO  Video server: access from undefined for video, /video/v1 
18:32:45.315 INFO  Video server: access from undefined for playlist, /playlist/ 
18:32:45.371 INFO  Video server: access from undefined for video, /video/v1 
18:32:45.406 INFO  Video server: access from undefined for video, /video/v1 
18:32:45.414 INFO  Video server: access from undefined for video, /video/v1 
18:32:56.729 INFO  Video server: access from undefined for google-auth, /google-auth/?code=4%2F0AY0e-g5le7ItRyJZfVGBa_VzczDuBTyfMJULzMDZo1bSonos4z30NR5WWmkEl5ax2usaug&scope=email+openid+https%3A%2F%2Fwww.googleapis.com%2Fauth%2Fuserinfo.email&authuser=0&hd=jobberwocky.io&prompt=consent 
18:32:58.677 INFO  Video server: access from undefined for playlist, /playlist/ 
18:32:59.586 INFO  Video server: access from undefined for video, /video/v1 
18:32:59.632 INFO  Video server: access from undefined for video, /video/v1 
18:32:59.642 INFO  Video server: access from undefined for video, /video/v1 
18:33:02.603 INFO  Video server: access from undefined for playlist, /playlist/ 
18:33:07.280 INFO  Video server: access from undefined for playlist, /playlist/ 
18:33:08.777 INFO  Video server: access from undefined for logout, /logout/ 
18:33:08.781 INFO  Video server: access from undefined for playlist, /playlist/ 
18:33:11.110 INFO  Video server: access from undefined for playlist, /playlist/ 
18:33:11.583 INFO  Video server: access from undefined for video, /video/v1 
18:33:11.641 INFO  Video server: access from undefined for video, /video/v1 
18:33:11.776 INFO  Video server: access from undefined for video, /video/v1 
18:33:24.207 INFO  Video server: access from undefined for playlist, /playlist/ 
18:33:24.239 INFO  Video server: access from undefined for video, /video/v1 
18:33:24.296 INFO  Video server: access from undefined for video, /video/v1 
18:33:24.303 INFO  Video server: access from undefined for video, /video/v1 
18:33:35.679 INFO  Video server: access from undefined for google-auth, /google-auth/?code=4%2F0AY0e-g41DI29J3GyRAm7Z9x4GCWckwBRKkrhso5ctGJkhNk8aEKZ_aAfEFl4-0KkI8EAKw&scope=email+openid+https%3A%2F%2Fwww.googleapis.com%2Fauth%2Fuserinfo.email&authuser=0&prompt=consent 
18:33:36.030 INFO  Video server: access from undefined for playlist, /playlist/ 
18:33:36.233 INFO  Video server: access from undefined for video, /video/v1 
18:33:36.281 INFO  Video server: access from undefined for video, /video/v1 
18:33:36.293 INFO  Video server: access from undefined for video, /video/v1 
18:33:40.975 INFO  Video server: access from undefined for playlist, /playlist/ 
18:33:46.571 INFO  Video server: access from undefined for playlist, /playlist/ 
18:33:47.252 INFO  Video server: access from undefined for video, /video/v1 
18:33:47.300 INFO  Video server: access from undefined for video, /video/v1 
18:33:47.411 INFO  Video server: access from undefined for video, /video/v1 
18:33:49.317 INFO  Video server: access from undefined for logout, /logout/ 
18:33:49.322 INFO  Video server: access from undefined for playlist, /playlist/ 
18:33:51.563 INFO  Video server: access from undefined for playlist, /playlist/ 
18:33:52.929 INFO  Video server: access from undefined for logout, /logout/ 
18:33:52.933 INFO  Video server: access from undefined for playlist, /playlist/ 
18:40:35.793 INFO  Video server: access from undefined for playlist, /playlist/ 
18:40:53.018 INFO  Video server: access from undefined for playlist, /playlist/ 
18:40:53.697 INFO  Video server: access from undefined for playlist, /playlist/ 
18:41:16.864 INFO  Video server: access from undefined for playlist, /playlist/ 
18:41:17.103 INFO  Video server: access from undefined for video, /video/v1 
18:41:17.173 INFO  Video server: access from undefined for video, /video/v1 
18:41:17.305 INFO  Video server: access from undefined for video, /video/v1 
18:41:17.653 INFO  Video server: access from undefined for playlist, /playlist/ 
18:41:24.738 INFO  Video server: access from undefined for video, /video/v1 
18:41:24.811 INFO  Video server: access from undefined for video, /video/v1 
18:41:24.928 INFO  Video server: access from undefined for video, /video/v1 
18:47:02.668 INFO  Video server: access from undefined for playlist, /playlist/ 
18:47:02.923 INFO  Video server: access from undefined for video, /video/v1 
18:47:02.996 INFO  Video server: access from undefined for video, /video/v1 
18:47:03.086 INFO  Video server: access from undefined for video, /video/v1 
18:47:06.996 INFO  Video server: access from undefined for google-auth, /google-auth/?code=4%2F0AY0e-g5Ii7URpe_KXgLr60yokGGGUOtVvg-q58XNiiuD_0wg0m-NlHQG0NYfjmglRIevDA&scope=email+openid+https%3A%2F%2Fwww.googleapis.com%2Fauth%2Fuserinfo.email&authuser=2&prompt=consent 
18:47:37.787 INFO  Video server: access from undefined for google-auth, /google-auth/?code=4%2F0AY0e-g5Ii7URpe_KXgLr60yokGGGUOtVvg-q58XNiiuD_0wg0m-NlHQG0NYfjmglRIevDA&scope=email+openid+https%3A%2F%2Fwww.googleapis.com%2Fauth%2Fuserinfo.email&authuser=2&prompt=consent 
18:47:39.029 INFO  Video server: access from undefined for google-auth, /google-auth/?code=4%2F0AY0e-g5Ii7URpe_KXgLr60yokGGGUOtVvg-q58XNiiuD_0wg0m-NlHQG0NYfjmglRIevDA&scope=email+openid+https%3A%2F%2Fwww.googleapis.com%2Fauth%2Fuserinfo.email&authuser=2&prompt=consent 
18:47:43.453 INFO  Video server: access from undefined for google-auth, /google-auth/?code=4%2F0AY0e-g4u1xJ6AIoVkGBr0R3SkxXAApvJwGIVTYoayMpSvoJ4KLueii473QskAh6oks72xA&scope=email+openid+https%3A%2F%2Fwww.googleapis.com%2Fauth%2Fuserinfo.email&authuser=2&prompt=consent 
18:47:52.435 INFO  Video server: access from undefined for playlist, /playlist/ 
18:47:52.962 INFO  Video server: access from undefined for video, /video/v1 
18:47:53.039 INFO  Video server: access from undefined for video, /video/v1 
18:47:53.140 INFO  Video server: access from undefined for video, /video/v1 
20:19:25.327 INFO  Video server: access from undefined for playlist, /playlist/ 
20:19:29.393 INFO  Video server: access from undefined for video, /video/v1 
20:19:29.523 INFO  Video server: access from undefined for video, /video/v1 
20:19:29.666 INFO  Video server: access from undefined for favicon.ico, /favicon.ico 
20:19:29.666 INFO  Video server: route favicon.ico not found 
20:19:29.667 INFO  Video server: access from undefined for video, /video/v1 
20:20:10.826 INFO  Video server: access from undefined for google-auth, /google-auth/?code=4%2F0AY0e-g53eW37RE7TlT5tOEw4bItgovj6dzhaNobEMNBBlVQQ3HnxEg6iJymVrZn0tl13fg&scope=email+openid+https%3A%2F%2Fwww.googleapis.com%2Fauth%2Fuserinfo.email&authuser=0&prompt=consent 
20:20:55.391 INFO  Video server: access from undefined for playlist, /playlist/ 
20:20:59.667 INFO  Video server: access from undefined for video, /video/v1 
20:20:59.754 INFO  Video server: access from undefined for video, /video/v1 
20:20:59.992 INFO  Video server: access from undefined for video, /video/v1 
20:21:01.279 INFO  Video server: access from undefined for video, /video/v1 
20:21:01.333 INFO  Video server: access from undefined for video, /video/v1 
20:21:01.342 INFO  Video server: access from undefined for video, /video/v1 
20:21:01.362 INFO  Video server: access from undefined for video, /video/v1 
20:21:05.855 INFO  Video server: access from undefined for google-auth, /google-auth/?code=4%2F0AY0e-g4aE3LIQ3nFsO4RIOKVQUCRtvBBzqk4YyzU_3ablVj8dp6moCrHSpNAQ-VPE7aTXw&scope=email+openid+https%3A%2F%2Fwww.googleapis.com%2Fauth%2Fuserinfo.email&authuser=0&prompt=consent 
20:21:07.064 INFO  Video server: access from undefined for playlist, /playlist/ 
20:21:07.874 INFO  Video server: access from undefined for video, /video/v1 
20:21:07.982 INFO  Video server: access from undefined for video, /video/v1 
20:21:08.143 INFO  Video server: access from undefined for video, /video/v1 
10:55:44.867 INFO  Video server: access from undefined for playlist, /playlist/ 
10:55:46.401 INFO  Video server: access from undefined for video, /video/v1 
10:55:46.470 INFO  Video server: access from undefined for video, /video/v1 
10:55:46.559 INFO  Video server: access from undefined for video, /video/v1 
10:55:46.560 INFO  Video server: access from undefined for favicon.ico, /favicon.ico 
10:55:46.560 INFO  Video server: route favicon.ico not found 
10:56:15.785 INFO  Video server: access from undefined for playlist, /playlist/ 
10:56:19.901 INFO  Video server: access from undefined for video, /video/v1 
10:56:19.955 INFO  Video server: access from undefined for video, /video/v1 
10:56:20.056 INFO  Video server: access from undefined for video, /video/v1 
11:11:45.638 INFO  Video server: access from undefined for playlist, /playlist/ 
11:11:47.253 INFO  Video server: access from undefined for video, /video/v1 
11:11:47.301 INFO  Video server: access from undefined for video, /video/v1 
11:11:47.405 INFO  Video server: access from undefined for video, /video/v1 
11:12:09.722 INFO  Video server: access from undefined for video, /video/v1 
11:12:09.788 INFO  Video server: access from undefined for video, /video/v1 
11:12:09.892 INFO  Video server: access from undefined for video, /video/v1 
11:26:35.724 INFO  Video server: access from undefined for playlist, /playlist/ 
11:26:36.071 INFO  Video server: access from undefined for video, /video/v1 
11:26:36.114 INFO  Video server: access from undefined for video, /video/v1 
11:26:36.215 INFO  Video server: access from undefined for video, /video/v1 
11:27:15.129 INFO  Video server: access from undefined for video, /video/v1 
11:27:15.203 INFO  Video server: access from undefined for video, /video/v1 
11:27:15.308 INFO  Video server: access from undefined for video, /video/v1 
11:27:15.819 INFO  Video server: access from undefined for playlist, /playlist/ 
11:27:22.180 INFO  Video server: access from undefined for google-auth, /google-auth/?code=4%2F0AY0e-g6SxCByKVHwb-iICSJ3pGXpiJ-s_my-WExpdQOTWWKHeJdc5lpiefGYUulANlH9ow&scope=email+openid+https%3A%2F%2Fwww.googleapis.com%2Fauth%2Fuserinfo.email&authuser=0&prompt=consent 
11:27:33.769 INFO  Video server: access from undefined for google-auth, /google-auth/?code=4%2F0AY0e-g5ZDRhXDZ-WAUVuk2FcY-ebi4k0pYbJuR1xVytQm8b-Io16qLaC1lu1obECcNKKjg&scope=email+openid+https%3A%2F%2Fwww.googleapis.com%2Fauth%2Fuserinfo.email&authuser=0&prompt=consent 
11:28:52.035 INFO  Video server: access from undefined for google-auth, /google-auth/?code=4%2F0AY0e-g5ZDRhXDZ-WAUVuk2FcY-ebi4k0pYbJuR1xVytQm8b-Io16qLaC1lu1obECcNKKjg&scope=email+openid+https%3A%2F%2Fwww.googleapis.com%2Fauth%2Fuserinfo.email&authuser=0&prompt=consent 
11:28:56.685 INFO  Video server: access from undefined for google-auth, /google-auth/?code=4%2F0AY0e-g4uSflMSITapJbSDHXNbqvZxxPZdFc6RGjvcM-9UmCZdSvw3UwmmRLXwK4JpDKeCg&scope=email+openid+https%3A%2F%2Fwww.googleapis.com%2Fauth%2Fuserinfo.email&authuser=0&prompt=consent 
11:28:57.749 INFO  Video server: access from undefined for playlist, /playlist/ 
11:28:58.777 INFO  Video server: access from undefined for video, /video/v1 
11:28:58.850 INFO  Video server: access from undefined for video, /video/v1 
11:28:58.968 INFO  Video server: access from undefined for video, /video/v1 
